  main2.cpp
C:\Users\aleze\OneDrive\Escritorio\Usac\Semestre 2 2022\EDD\Lab\Pre fase 2\Battleship\sha256.h(64,20): warning C4018: '<': no coinciden signed/unsigned
C:\Users\aleze\OneDrive\Escritorio\Usac\Semestre 2 2022\EDD\Lab\Pre fase 2\Battleship\sha256.h(64,69): warning C4244: '+=': conversión de 'double' a 'int'; posible pérdida de datos
C:\Users\aleze\OneDrive\Escritorio\Usac\Semestre 2 2022\EDD\Lab\Pre fase 2\Battleship\sha256.h(97,20): warning C4018: '<': no coinciden signed/unsigned
C:\Users\aleze\OneDrive\Escritorio\Usac\Semestre 2 2022\EDD\Lab\Pre fase 2\Battleship\Lista_usuarios.cpp(21,7): warning C4101: 'con': variable local sin referencia
C:\Users\aleze\OneDrive\Escritorio\Usac\Semestre 2 2022\EDD\Lab\Pre fase 2\Battleship\Lista_usuarios.cpp(115): warning C4715: 'buscarNodo': no todas las rutas de acceso de control devuelven un valor
main2.obj : error LNK2005: ya se definió "unsigned int * K" (?K@@3PAIA) en Lista_usuarios.obj
main2.obj : error LNK2005: ya se definió "unsigned int * H" (?H@@3PAIA) en Lista_usuarios.obj
main2.obj : error LNK2005: ya se definió "struct nodo * primero" (?primero@@3PAUnodo@@A) en Lista_usuarios.obj
main2.obj : error LNK2005: ya se definió "struct nodo * ultimo" (?ultimo@@3PAUnodo@@A) en Lista_usuarios.obj
main2.obj : error LNK2005: ya se definió "struct nodo * __cdecl insertarNodo(class std::basic_string<char,struct std::char_traits<char>,class std::allocator<char> >,class std::basic_string<char,struct std::char_traits<char>,class std::allocator<char> >,int,int)" (?insertarNodo@@YAPAUnodo@@V?$basic_string@DU?$char_traits@D@std@@V?$allocator@D@2@@std@@0HH@Z) en Lista_usuarios.obj
main2.obj : error LNK2005: ya se definió "bool __cdecl buscarNodo(class std::basic_string<char,struct std::char_traits<char>,class std::allocator<char> >)" (?buscarNodo@@YA_NV?$basic_string@DU?$char_traits@D@std@@V?$allocator@D@2@@std@@@Z) en Lista_usuarios.obj
main2.obj : error LNK2005: ya se definió "bool __cdecl buscarLogin(class std::basic_string<char,struct std::char_traits<char>,class std::allocator<char> >,class std::basic_string<char,struct std::char_traits<char>,class std::allocator<char> >)" (?buscarLogin@@YA_NV?$basic_string@DU?$char_traits@D@std@@V?$allocator@D@2@@std@@0@Z) en Lista_usuarios.obj
main2.obj : error LNK2005: ya se definió "void __cdecl modificarNodo(class std::basic_string<char,struct std::char_traits<char>,class std::allocator<char> >)" (?modificarNodo@@YAXV?$basic_string@DU?$char_traits@D@std@@V?$allocator@D@2@@std@@@Z) en Lista_usuarios.obj
main2.obj : error LNK2005: ya se definió "void __cdecl eliminarNodo(class std::basic_string<char,struct std::char_traits<char>,class std::allocator<char> >)" (?eliminarNodo@@YAXV?$basic_string@DU?$char_traits@D@std@@V?$allocator@D@2@@std@@@Z) en Lista_usuarios.obj
main2.obj : error LNK2005: ya se definió "void __cdecl desplegarListaPU(void)" (?desplegarListaPU@@YAXXZ) en Lista_usuarios.obj
main2.obj : error LNK2005: ya se definió "struct nodo * __cdecl insertarmasivo(class std::basic_string<char,struct std::char_traits<char>,class std::allocator<char> >,class std::basic_string<char,struct std::char_traits<char>,class std::allocator<char> >,int,int)" (?insertarmasivo@@YAPAUnodo@@V?$basic_string@DU?$char_traits@D@std@@V?$allocator@D@2@@std@@0HH@Z) en Lista_usuarios.obj
main2.obj : error LNK2005: ya se definió "void __cdecl Ordenarascendente(void)" (?Ordenarascendente@@YAXXZ) en Lista_usuarios.obj
main2.obj : error LNK2005: ya se definió "void __cdecl Ordenardescendente(void)" (?Ordenardescendente@@YAXXZ) en Lista_usuarios.obj
main2.obj : error LNK2005: ya se definió "class std::basic_string<char,struct std::char_traits<char>,class std::allocator<char> > __cdecl cifrar(class std::basic_string<char,struct std::char_traits<char>,class std::allocator<char> >)" (?cifrar@@YA?AV?$basic_string@DU?$char_traits@D@std@@V?$allocator@D@2@@std@@V12@@Z) en Lista_usuarios.obj
main2.obj : error LNK2005: ya se definió "void __cdecl imprimir(void)" (?imprimir@@YAXXZ) en Lista_usuarios.obj
main2.obj : error LNK2005: ya se definió "class std::basic_string<char,struct std::char_traits<char>,class std::allocator<char> > __cdecl int2bin(int,int)" (?int2bin@@YA?AV?$basic_string@DU?$char_traits@D@std@@V?$allocator@D@2@@std@@HH@Z) en Lista_usuarios.obj
main2.obj : error LNK2005: ya se definió "class std::basic_string<char,struct std::char_traits<char>,class std::allocator<char> > __cdecl msg2bin(class std::basic_string<char,struct std::char_traits<char>,class std::allocator<char> >)" (?msg2bin@@YA?AV?$basic_string@DU?$char_traits@D@std@@V?$allocator@D@2@@std@@V12@@Z) en Lista_usuarios.obj
main2.obj : error LNK2005: ya se definió "int __cdecl bin2int(class std::basic_string<char,struct std::char_traits<char>,class std::allocator<char> >)" (?bin2int@@YAHV?$basic_string@DU?$char_traits@D@std@@V?$allocator@D@2@@std@@@Z) en Lista_usuarios.obj
main2.obj : error LNK2005: ya se definió "class std::basic_string<char,struct std::char_traits<char>,class std::allocator<char> > __cdecl toHEX(unsigned int,int)" (?toHEX@@YA?AV?$basic_string@DU?$char_traits@D@std@@V?$allocator@D@2@@std@@IH@Z) en Lista_usuarios.obj
main2.obj : error LNK2005: ya se definió "public: static class std::basic_string<char,struct std::char_traits<char>,class std::allocator<char> > __cdecl SHA256::cifrar(class std::basic_string<char,struct std::char_traits<char>,class std::allocator<char> >)" (?cifrar@SHA256@@SA?AV?$basic_string@DU?$char_traits@D@std@@V?$allocator@D@2@@std@@V23@@Z) en Lista_usuarios.obj
MSVCRTD.lib(exe_winmain.obj) : error LNK2019: símbolo externo _WinMain@16 sin resolver al que se hace referencia en la función "int __cdecl invoke_main(void)" (?invoke_main@@YAHXZ)
C:\Users\aleze\OneDrive\Escritorio\Usac\Semestre 2 2022\EDD\Lab\Pre fase 2\Battleship\Debug\Battleship.exe : fatal error LNK1120: 1 externos sin resolver
